INFO 2025-08-02 16:13:14,986 autoreload 10860 16908 Watching for file changes with StatReloader
INFO 2025-08-02 16:23:56,474 autoreload 10860 16908 C:\Users\taham\OneDrive\Desktop\icommerce\backend\backend\settings.py changed, reloading.
INFO 2025-08-02 16:23:59,584 autoreload 15896 12700 Watching for file changes with StatReloader
INFO 2025-08-02 16:47:58,547 autoreload 15896 12700 C:\Users\taham\OneDrive\Desktop\icommerce\backend\products\models.py changed, reloading.
INFO 2025-08-02 16:48:00,711 autoreload 17172 13308 Watching for file changes with StatReloader
INFO 2025-08-02 16:48:08,672 autoreload 17172 13308 C:\Users\taham\OneDrive\Desktop\icommerce\backend\products\models.py changed, reloading.
INFO 2025-08-02 16:48:10,988 autoreload 5932 3024 Watching for file changes with StatReloader
INFO 2025-08-02 16:49:21,839 views 8776 956 ProductViewSet.list called with params: <QueryDict: {'page_size': ['12']}>
INFO 2025-08-02 16:49:21,904 views 8776 956 Successfully paginated 12 products
INFO 2025-08-02 16:49:22,084 views 8776 956 ProductViewSet.list called with params: <QueryDict: {'page_size': ['1']}>
INFO 2025-08-02 16:49:22,098 views 8776 956 Successfully paginated 1 products
INFO 2025-08-02 16:49:22,121 views 8776 956 ProductViewSet.list called with params: <QueryDict: {'page_size': ['5']}>
INFO 2025-08-02 16:49:22,142 views 8776 956 Successfully paginated 5 products
INFO 2025-08-02 16:49:22,223 views 8776 956 ProductViewSet.list called with params: <QueryDict: {'page_size': ['12']}>
INFO 2025-08-02 16:49:22,254 views 8776 956 Successfully paginated 12 products
INFO 2025-08-02 16:49:22,372 views 8776 956 ProductViewSet.list called with params: <QueryDict: {'page_size': ['50']}>
INFO 2025-08-02 16:49:22,413 views 8776 956 Successfully paginated 17 products
INFO 2025-08-02 16:49:22,589 views 8776 956 ProductViewSet.list called with params: <QueryDict: {'page_size': ['100']}>
INFO 2025-08-02 16:49:22,626 views 8776 956 Successfully paginated 17 products
INFO 2025-08-02 16:49:22,797 views 8776 956 ProductViewSet.list called with params: <QueryDict: {'page_size': ['150']}>
INFO 2025-08-02 16:49:22,829 views 8776 956 Successfully paginated 17 products
INFO 2025-08-02 16:49:23,002 views 8776 956 ProductViewSet.list called with params: <QueryDict: {'page_size': ['12']}>
INFO 2025-08-02 16:49:23,041 views 8776 956 Successfully paginated 12 products
INFO 2025-08-02 16:49:23,173 views 8776 956 ProductViewSet.list called with params: <QueryDict: {'page_size': ['12'], 'min_price': ['10']}>
INFO 2025-08-02 16:49:23,200 views 8776 956 Successfully paginated 12 products
INFO 2025-08-02 16:49:23,323 views 8776 956 ProductViewSet.list called with params: <QueryDict: {'page_size': ['12'], 'max_price': ['100']}>
INFO 2025-08-02 16:49:23,362 views 8776 956 Successfully paginated 9 products
INFO 2025-08-02 16:49:23,470 views 8776 956 ProductViewSet.list called with params: <QueryDict: {'page_size': ['12'], 'min_price': ['10'], 'max_price': ['100']}>
INFO 2025-08-02 16:49:23,493 views 8776 956 Successfully paginated 9 products
INFO 2025-08-02 16:49:23,593 views 8776 956 ProductViewSet.list called with params: <QueryDict: {'page_size': ['12'], 'ordering': ['price']}>
INFO 2025-08-02 16:49:23,642 views 8776 956 Successfully paginated 12 products
INFO 2025-08-02 16:49:23,898 views 8776 956 ProductViewSet.list called with params: <QueryDict: {'page_size': ['12'], 'ordering': ['-price']}>
INFO 2025-08-02 16:49:24,003 views 8776 956 Successfully paginated 12 products
INFO 2025-08-02 16:49:24,149 views 8776 956 ProductViewSet.list called with params: <QueryDict: {'page_size': ['12'], 'ordering': ['name']}>
INFO 2025-08-02 16:49:24,189 views 8776 956 Successfully paginated 12 products
INFO 2025-08-02 16:51:44,864 views 15532 5236 ProductViewSet.list called with params: <QueryDict: {}>
INFO 2025-08-02 16:51:44,930 views 15532 5236 Successfully paginated 10 products
INFO 2025-08-02 16:51:45,099 views 15532 5236 ProductViewSet.list called with params: <QueryDict: {'page_size': ['12']}>
INFO 2025-08-02 16:51:45,135 views 15532 5236 Successfully paginated 12 products
INFO 2025-08-02 16:51:45,300 views 15532 5236 ProductViewSet.list called with params: <QueryDict: {'page_size': ['5']}>
INFO 2025-08-02 16:51:45,333 views 15532 5236 Successfully paginated 5 products
INFO 2025-08-02 16:51:45,438 views 15532 5236 ProductViewSet.list called with params: <QueryDict: {'page_size': ['1']}>
INFO 2025-08-02 16:51:45,471 views 15532 5236 Successfully paginated 1 products
INFO 2025-08-02 16:51:45,484 views 15532 5236 ProductViewSet.list called with params: <QueryDict: {'page_size': ['12'], 'min_price': ['10']}>
INFO 2025-08-02 16:51:45,543 views 15532 5236 Successfully paginated 12 products
INFO 2025-08-02 16:51:45,665 views 15532 5236 ProductViewSet.list called with params: <QueryDict: {'page_size': ['12'], 'ordering': ['price']}>
INFO 2025-08-02 16:51:45,706 views 15532 5236 Successfully paginated 12 products
INFO 2025-08-02 16:51:45,839 views 15532 5236 ProductViewSet.list called with params: <QueryDict: {'page_size': ['12'], 'category': ['clothing']}>
INFO 2025-08-02 16:51:45,855 views 15532 5236 Successfully paginated 0 products
INFO 2025-08-02 16:59:45,434 views 5932 3632 ProductViewSet.list called with params: <QueryDict: {'page_size': ['12']}>
INFO 2025-08-02 16:59:45,501 views 5932 3632 Successfully paginated 12 products
INFO 2025-08-02 16:59:45,648 basehttp 5932 3632 "GET /api/products/?page_size=12 HTTP/1.1" 200 13498
INFO 2025-08-02 16:59:46,325 basehttp 5932 5376 "GET /api/categories/ HTTP/1.1" 200 2176
INFO 2025-08-02 16:59:52,320 basehttp 5932 10864 "GET /media/products/thumbnails/men-fashion.jpeg HTTP/1.1" 200 35532
INFO 2025-08-02 17:00:29,678 basehttp 5932 14616 "OPTIONS /api/categories/ HTTP/1.1" 200 0
INFO 2025-08-02 17:00:29,694 basehttp 5932 15840 "OPTIONS /api/shops/ HTTP/1.1" 200 0
INFO 2025-08-02 17:00:29,697 basehttp 5932 12168 "OPTIONS /api/colors/ HTTP/1.1" 200 0
INFO 2025-08-02 17:00:29,944 basehttp 5932 14616 "OPTIONS /api/products/?page=1&min_price=0&max_price=1000 HTTP/1.1" 200 0
INFO 2025-08-02 17:00:29,960 views 5932 14616 ProductViewSet.list called with params: <QueryDict: {'page': ['1'], 'min_price': ['0'], 'max_price': ['1000']}>
INFO 2025-08-02 17:00:30,082 basehttp 5932 15840 "GET /api/shops/ HTTP/1.1" 200 1996
INFO 2025-08-02 17:00:30,094 views 5932 14616 Successfully paginated 10 products
INFO 2025-08-02 17:00:30,114 basehttp 5932 14564 "GET /api/colors/ HTTP/1.1" 200 501
INFO 2025-08-02 17:00:30,204 basehttp 5932 12168 "GET /api/categories/ HTTP/1.1" 200 2176
INFO 2025-08-02 17:00:30,430 basehttp 5932 14616 "GET /api/products/?page=1&min_price=0&max_price=1000 HTTP/1.1" 200 11330
INFO 2025-08-02 17:01:51,303 views 15972 7308 ProductViewSet.list called with params: <QueryDict: {}>
INFO 2025-08-02 17:01:51,362 views 15972 7308 Successfully paginated 10 products
INFO 2025-08-02 17:01:51,474 views 15972 7308 ProductViewSet.list called with params: <QueryDict: {'page_size': ['12']}>
INFO 2025-08-02 17:01:51,527 views 15972 7308 Successfully paginated 12 products
INFO 2025-08-02 17:01:51,664 views 15972 7308 ProductViewSet.list called with params: <QueryDict: {'page_size': ['5']}>
INFO 2025-08-02 17:01:51,695 views 15972 7308 Successfully paginated 5 products
INFO 2025-08-02 17:01:51,779 views 15972 7308 ProductViewSet.list called with params: <QueryDict: {'page_size': ['1']}>
INFO 2025-08-02 17:01:51,816 views 15972 7308 Successfully paginated 1 products
INFO 2025-08-02 17:01:51,859 views 15972 7308 ProductViewSet.list called with params: <QueryDict: {'page_size': ['12'], 'min_price': ['10']}>
INFO 2025-08-02 17:01:51,920 views 15972 7308 Successfully paginated 12 products
INFO 2025-08-02 17:01:52,035 views 15972 7308 ProductViewSet.list called with params: <QueryDict: {'page_size': ['12'], 'ordering': ['price']}>
INFO 2025-08-02 17:01:52,090 views 15972 7308 Successfully paginated 12 products
INFO 2025-08-02 17:01:52,216 views 15972 7308 ProductViewSet.list called with params: <QueryDict: {'page_size': ['12'], 'category': ['clothing']}>
INFO 2025-08-02 17:01:52,239 views 15972 7308 Successfully paginated 0 products
INFO 2025-08-02 17:02:36,985 views 8576 780 ProductViewSet.list called with params: <QueryDict: {}>
INFO 2025-08-02 17:02:37,027 views 8576 780 Successfully paginated 10 products
INFO 2025-08-02 17:03:25,215 autoreload 5932 3024 C:\Users\taham\OneDrive\Desktop\icommerce\backend\shops\models.py changed, reloading.
INFO 2025-08-02 17:03:27,475 autoreload 2828 5212 Watching for file changes with StatReloader
INFO 2025-08-02 17:03:41,906 autoreload 2828 5212 C:\Users\taham\OneDrive\Desktop\icommerce\backend\products\views.py changed, reloading.
INFO 2025-08-02 17:03:44,167 autoreload 12068 12768 Watching for file changes with StatReloader
INFO 2025-08-02 17:03:57,284 autoreload 12068 12768 C:\Users\taham\OneDrive\Desktop\icommerce\backend\products\views.py changed, reloading.
INFO 2025-08-02 17:03:59,528 autoreload 2516 2348 Watching for file changes with StatReloader
INFO 2025-08-02 17:04:10,556 autoreload 2516 2348 C:\Users\taham\OneDrive\Desktop\icommerce\backend\products\views.py changed, reloading.
INFO 2025-08-02 17:04:12,827 autoreload 16876 7692 Watching for file changes with StatReloader
INFO 2025-08-02 17:04:24,027 autoreload 16876 7692 C:\Users\taham\OneDrive\Desktop\icommerce\backend\products\views.py changed, reloading.
INFO 2025-08-02 17:04:26,445 autoreload 9596 14420 Watching for file changes with StatReloader
INFO 2025-08-02 17:04:46,101 autoreload 9596 14420 C:\Users\taham\OneDrive\Desktop\icommerce\backend\shops\views.py changed, reloading.
INFO 2025-08-02 17:04:48,248 autoreload 9380 14524 Watching for file changes with StatReloader
INFO 2025-08-02 17:04:58,765 autoreload 9380 14524 C:\Users\taham\OneDrive\Desktop\icommerce\backend\shops\views.py changed, reloading.
INFO 2025-08-02 17:05:01,459 autoreload 2836 14488 Watching for file changes with StatReloader
INFO 2025-08-02 17:05:26,305 views 14296 12260 ProductViewSet.list called with params: <QueryDict: {}>
INFO 2025-08-02 17:05:26,356 views 14296 12260 Successfully paginated 10 products
INFO 2025-08-02 17:05:26,488 views 14296 12260 CategoryViewSet.list called with params: <QueryDict: {}>
INFO 2025-08-02 17:05:26,513 views 14296 12260 Successfully returned 4 categories
INFO 2025-08-02 17:05:26,528 views 14296 12260 SubCategoryViewSet.list called with params: <QueryDict: {}>
INFO 2025-08-02 17:05:26,542 views 14296 12260 Successfully returned 4 subcategories
INFO 2025-08-02 17:05:26,548 views 14296 12260 ColorViewSet.list called with params: <QueryDict: {}>
INFO 2025-08-02 17:05:26,560 views 14296 12260 Successfully returned 4 colors
INFO 2025-08-02 17:05:26,572 views 14296 12260 SizeViewSet.list called with params: <QueryDict: {}>
INFO 2025-08-02 17:05:26,580 views 14296 12260 Successfully returned 4 sizes
INFO 2025-08-02 17:05:26,592 views 14296 12260 ShopViewSet.list called with params: <QueryDict: {}>
INFO 2025-08-02 17:05:26,598 views 14296 12260 Successfully paginated 10 shops
INFO 2025-08-02 17:22:13,491 basehttp 2836 14436 "OPTIONS /api/colors/ HTTP/1.1" 200 0
INFO 2025-08-02 17:22:13,582 views 2836 14436 ColorViewSet.list called with params: <QueryDict: {}>
INFO 2025-08-02 17:22:13,582 basehttp 2836 9576 "OPTIONS /api/shops/ HTTP/1.1" 200 0
INFO 2025-08-02 17:22:13,762 basehttp 2836 1248 "OPTIONS /api/categories/ HTTP/1.1" 200 0
INFO 2025-08-02 17:22:13,895 views 2836 9576 ShopViewSet.list called with params: <QueryDict: {}>
INFO 2025-08-02 17:22:13,917 views 2836 14436 Successfully returned 4 colors
INFO 2025-08-02 17:22:13,934 views 2836 1248 CategoryViewSet.list called with params: <QueryDict: {}>
INFO 2025-08-02 17:22:13,961 basehttp 2836 2644 "OPTIONS /api/products/?page=1&min_price=0&max_price=1000 HTTP/1.1" 200 0
INFO 2025-08-02 17:22:14,095 views 2836 9576 Successfully paginated 10 shops
INFO 2025-08-02 17:22:14,149 basehttp 2836 14436 "GET /api/colors/ HTTP/1.1" 200 501
INFO 2025-08-02 17:22:14,415 views 2836 2644 ProductViewSet.list called with params: <QueryDict: {'page': ['1'], 'min_price': ['0'], 'max_price': ['1000']}>
INFO 2025-08-02 17:22:14,467 views 2836 1248 Successfully returned 4 categories
INFO 2025-08-02 17:22:14,590 basehttp 2836 9576 "GET /api/shops/ HTTP/1.1" 200 1996
INFO 2025-08-02 17:22:14,683 basehttp 2836 1248 "GET /api/categories/ HTTP/1.1" 200 2176
INFO 2025-08-02 17:22:14,714 views 2836 2644 Successfully paginated 10 products
INFO 2025-08-02 17:22:15,224 basehttp 2836 2644 "GET /api/products/?page=1&min_price=0&max_price=1000 HTTP/1.1" 200 11330
INFO 2025-08-02 17:22:16,198 basehttp 2836 8100 "GET /media/products/thumbnails/men-fashion.jpeg HTTP/1.1" 200 35532
INFO 2025-08-02 17:22:40,643 basehttp 2836 11856 "GET /admin HTTP/1.1" 301 0
INFO 2025-08-02 17:22:40,785 basehttp 2836 14012 "GET /admin/ HTTP/1.1" 302 0
INFO 2025-08-02 17:22:40,900 basehttp 2836 14012 "GET /admin/login/?next=/admin/ HTTP/1.1" 200 10906
WARNING 2025-08-02 17:22:42,164 log 2836 14012 Not Found: /favicon.ico
WARNING 2025-08-02 17:22:42,166 basehttp 2836 14012 "GET /favicon.ico HTTP/1.1" 404 3588
WARNING 2025-08-02 17:22:47,970 log 2836 4760 Not Found: /categories/
WARNING 2025-08-02 17:22:47,972 basehttp 2836 4760 "GET /categories/ HTTP/1.1" 404 3588
INFO 2025-08-02 17:22:54,160 views 2836 4760 CategoryViewSet.list called with params: <QueryDict: {}>
INFO 2025-08-02 17:22:54,190 views 2836 4760 Successfully returned 4 categories
INFO 2025-08-02 17:22:54,362 basehttp 2836 4760 "GET /api/categories/ HTTP/1.1" 200 16428
INFO 2025-08-02 17:22:54,420 basehttp 2836 4760 "GET /static/rest_framework/css/bootstrap.min.css HTTP/1.1" 304 0
INFO 2025-08-02 17:22:54,431 basehttp 2836 15440 "GET /static/rest_framework/css/prettify.css HTTP/1.1" 304 0
INFO 2025-08-02 17:22:54,432 basehttp 2836 4760 "GET /static/rest_framework/js/csrf.js HTTP/1.1" 304 0
INFO 2025-08-02 17:22:54,433 basehttp 2836 5480 "GET /static/rest_framework/css/bootstrap-tweaks.css HTTP/1.1" 304 0
INFO 2025-08-02 17:22:54,437 basehttp 2836 9436 "GET /static/rest_framework/css/default.css HTTP/1.1" 304 0
INFO 2025-08-02 17:22:54,438 basehttp 2836 15024 "GET /static/rest_framework/js/jquery-3.7.1.min.js HTTP/1.1" 304 0
INFO 2025-08-02 17:22:54,443 basehttp 2836 15440 "GET /static/rest_framework/js/bootstrap.min.js HTTP/1.1" 304 0
INFO 2025-08-02 17:22:54,445 basehttp 2836 4760 "GET /static/rest_framework/js/default.js HTTP/1.1" 304 0
INFO 2025-08-02 17:22:54,458 basehttp 2836 5480 "GET /static/rest_framework/js/load-ajax-form.js HTTP/1.1" 304 0
INFO 2025-08-02 17:22:54,461 basehttp 2836 14576 "GET /static/rest_framework/js/ajax-form.js HTTP/1.1" 304 0
INFO 2025-08-02 17:22:54,478 basehttp 2836 9436 "GET /static/rest_framework/js/prettify-min.js HTTP/1.1" 304 0
INFO 2025-08-02 17:22:54,591 basehttp 2836 4760 "GET /static/rest_framework/img/grid.png HTTP/1.1" 304 0
INFO 2025-08-02 17:24:11,264 views 2836 11068 ProductViewSet.retrieve called with slug: tech-galaxy-leather-belt
INFO 2025-08-02 17:24:11,292 views 2836 11068 Successfully retrieved product: Leather Belt
INFO 2025-08-02 17:24:11,320 basehttp 2836 11068 "GET /api/products/tech-galaxy-leather-belt/ HTTP/1.1" 200 1586
INFO 2025-08-02 17:24:11,828 basehttp 2836 11068 "GET /media/products/additional_images/men-fashion.jpeg HTTP/1.1" 200 35532
INFO 2025-08-02 17:24:12,149 basehttp 2836 11068 "GET /media/products/additional_images/baby-fashion.jpg HTTP/1.1" 200 460970
INFO 2025-08-02 17:24:12,185 basehttp 2836 11068 "GET /media/products/additional_images/gadget_img.jpg HTTP/1.1" 200 52522
INFO 2025-08-02 17:24:29,767 views 2836 10428 ProductViewSet.list called with params: <QueryDict: {'page_size': ['12']}>
INFO 2025-08-02 17:24:29,809 views 2836 10428 Successfully paginated 12 products
INFO 2025-08-02 17:24:30,006 basehttp 2836 10428 "GET /api/products/?page_size=12 HTTP/1.1" 200 13498
INFO 2025-08-02 17:24:30,021 views 2836 9620 CategoryViewSet.list called with params: <QueryDict: {}>
INFO 2025-08-02 17:24:30,067 views 2836 9620 Successfully returned 4 categories
INFO 2025-08-02 17:24:30,078 basehttp 2836 9620 "GET /api/categories/ HTTP/1.1" 200 2176
INFO 2025-08-02 17:24:40,486 basehttp 2836 6732 "OPTIONS /api/colors/ HTTP/1.1" 200 0
INFO 2025-08-02 17:24:40,492 views 2836 6732 ColorViewSet.list called with params: <QueryDict: {}>
INFO 2025-08-02 17:24:40,497 basehttp 2836 16584 "OPTIONS /api/shops/ HTTP/1.1" 200 0
INFO 2025-08-02 17:24:40,505 views 2836 6732 Successfully returned 4 colors
INFO 2025-08-02 17:24:40,517 views 2836 16584 ShopViewSet.list called with params: <QueryDict: {}>
INFO 2025-08-02 17:24:40,573 basehttp 2836 9680 "OPTIONS /api/categories/ HTTP/1.1" 200 0
INFO 2025-08-02 17:24:40,607 basehttp 2836 6732 "GET /api/colors/ HTTP/1.1" 200 501
INFO 2025-08-02 17:24:40,633 views 2836 9680 CategoryViewSet.list called with params: <QueryDict: {}>
INFO 2025-08-02 17:24:40,641 basehttp 2836 12992 "OPTIONS /api/products/?page=1&min_price=0&max_price=1000 HTTP/1.1" 200 0
INFO 2025-08-02 17:24:40,641 views 2836 16584 Successfully paginated 10 shops
INFO 2025-08-02 17:24:40,727 views 2836 12992 ProductViewSet.list called with params: <QueryDict: {'page': ['1'], 'min_price': ['0'], 'max_price': ['1000']}>
INFO 2025-08-02 17:24:40,742 views 2836 9680 Successfully returned 4 categories
INFO 2025-08-02 17:24:40,929 basehttp 2836 16584 "GET /api/shops/ HTTP/1.1" 200 1996
INFO 2025-08-02 17:24:40,934 views 2836 12992 Successfully paginated 10 products
INFO 2025-08-02 17:24:40,935 basehttp 2836 9680 "GET /api/categories/ HTTP/1.1" 200 2176
INFO 2025-08-02 17:24:41,234 basehttp 2836 12992 "GET /api/products/?page=1&min_price=0&max_price=1000 HTTP/1.1" 200 11330
INFO 2025-08-02 17:24:42,431 basehttp 2836 6556 "GET /media/products/thumbnails/men-fashion.jpeg HTTP/1.1" 200 35532
INFO 2025-08-02 17:31:37,307 basehttp 2836 17036 "OPTIONS /api/products/?page=1&min_price=0&max_price=1000 HTTP/1.1" 200 0
INFO 2025-08-02 17:31:37,322 views 2836 17036 ProductViewSet.list called with params: <QueryDict: {'page': ['1'], 'min_price': ['0'], 'max_price': ['1000']}>
INFO 2025-08-02 17:31:37,381 views 2836 17036 Successfully paginated 10 products
INFO 2025-08-02 17:31:37,478 basehttp 2836 17036 "GET /api/products/?page=1&min_price=0&max_price=1000 HTTP/1.1" 200 11330
INFO 2025-08-02 17:34:06,447 views 2836 13956 CategoryViewSet.list called with params: <QueryDict: {}>
INFO 2025-08-02 17:34:06,474 views 2836 13956 Successfully returned 4 categories
INFO 2025-08-02 17:34:06,474 basehttp 2836 13956 "GET /api/categories/ HTTP/1.1" 200 2176
INFO 2025-08-02 17:34:06,528 views 2836 4740 ShopViewSet.list called with params: <QueryDict: {}>
INFO 2025-08-02 17:34:06,580 views 2836 4740 Successfully paginated 10 shops
INFO 2025-08-02 17:34:06,636 basehttp 2836 4740 "GET /api/shops/ HTTP/1.1" 200 1996
INFO 2025-08-02 17:34:06,665 views 2836 4616 ColorViewSet.list called with params: <QueryDict: {}>
INFO 2025-08-02 17:34:06,673 views 2836 4616 Successfully returned 4 colors
INFO 2025-08-02 17:34:06,676 basehttp 2836 4616 "GET /api/colors/ HTTP/1.1" 200 501
INFO 2025-08-02 17:34:06,691 views 2836 3128 SizeViewSet.list called with params: <QueryDict: {}>
INFO 2025-08-02 17:34:06,702 views 2836 3128 Successfully returned 4 sizes
INFO 2025-08-02 17:34:06,702 basehttp 2836 3128 "GET /api/sizes/ HTTP/1.1" 200 307
INFO 2025-08-02 17:34:06,729 views 2836 16872 ProductViewSet.list called with params: <QueryDict: {'page_size': ['12']}>
INFO 2025-08-02 17:34:06,763 views 2836 16872 Successfully paginated 12 products
INFO 2025-08-02 17:34:06,894 basehttp 2836 16872 "GET /api/products/?page_size=12 HTTP/1.1" 200 13498
INFO 2025-08-02 17:34:35,295 basehttp 2836 5112 "OPTIONS /api/products/?page=1&min_price=0&max_price=1000 HTTP/1.1" 200 0
INFO 2025-08-02 17:34:35,299 views 2836 5112 ProductViewSet.list called with params: <QueryDict: {'page': ['1'], 'min_price': ['0'], 'max_price': ['1000']}>
INFO 2025-08-02 17:34:35,328 views 2836 5112 Successfully paginated 10 products
INFO 2025-08-02 17:34:35,465 basehttp 2836 5112 "GET /api/products/?page=1&min_price=0&max_price=1000 HTTP/1.1" 200 11330
INFO 2025-08-02 17:37:41,505 views 2836 12356 CategoryViewSet.list called with params: <QueryDict: {}>
INFO 2025-08-02 17:37:41,537 views 2836 12356 Successfully returned 4 categories
INFO 2025-08-02 17:37:41,540 basehttp 2836 12356 "GET /api/categories/ HTTP/1.1" 200 2176
INFO 2025-08-02 17:37:41,584 views 2836 10840 ShopViewSet.list called with params: <QueryDict: {}>
INFO 2025-08-02 17:37:41,595 views 2836 10840 Successfully paginated 10 shops
INFO 2025-08-02 17:37:41,621 basehttp 2836 10840 "GET /api/shops/ HTTP/1.1" 200 1996
INFO 2025-08-02 17:37:41,623 views 2836 12356 ColorViewSet.list called with params: <QueryDict: {}>
INFO 2025-08-02 17:37:41,641 views 2836 12356 Successfully returned 4 colors
INFO 2025-08-02 17:37:41,657 basehttp 2836 12356 "GET /api/colors/ HTTP/1.1" 200 501
INFO 2025-08-02 17:37:41,682 views 2836 10840 SizeViewSet.list called with params: <QueryDict: {}>
INFO 2025-08-02 17:37:41,693 views 2836 10840 Successfully returned 4 sizes
INFO 2025-08-02 17:37:41,711 basehttp 2836 10840 "GET /api/sizes/ HTTP/1.1" 200 307
INFO 2025-08-02 17:37:41,944 basehttp 2836 12356 - Broken pipe from ('127.0.0.1', 62310)
INFO 2025-08-02 17:37:41,944 basehttp 2836 10840 - Broken pipe from ('127.0.0.1', 62311)
INFO 2025-08-02 17:38:49,159 basehttp 2836 8816 "OPTIONS /api/categories/ HTTP/1.1" 200 0
INFO 2025-08-02 17:38:49,231 views 2836 8816 CategoryViewSet.list called with params: <QueryDict: {}>
INFO 2025-08-02 17:38:49,264 basehttp 2836 5848 "OPTIONS /api/colors/ HTTP/1.1" 200 0
INFO 2025-08-02 17:38:49,297 views 2836 8816 Successfully returned 4 categories
INFO 2025-08-02 17:38:49,371 views 2836 5848 ColorViewSet.list called with params: <QueryDict: {}>
INFO 2025-08-02 17:38:49,373 basehttp 2836 16024 "OPTIONS /api/shops/ HTTP/1.1" 200 0
INFO 2025-08-02 17:38:49,465 basehttp 2836 8816 "GET /api/categories/ HTTP/1.1" 200 2176
INFO 2025-08-02 17:38:49,496 views 2836 5848 Successfully returned 4 colors
INFO 2025-08-02 17:38:49,496 views 2836 16024 ShopViewSet.list called with params: <QueryDict: {}>
INFO 2025-08-02 17:38:49,527 basehttp 2836 5868 "OPTIONS /api/products/?page=1&min_price=0&max_price=1000 HTTP/1.1" 200 0
INFO 2025-08-02 17:38:49,574 basehttp 2836 5848 "GET /api/colors/ HTTP/1.1" 200 501
INFO 2025-08-02 17:38:49,590 views 2836 5868 ProductViewSet.list called with params: <QueryDict: {'page': ['1'], 'min_price': ['0'], 'max_price': ['1000']}>
INFO 2025-08-02 17:38:49,621 views 2836 16024 Successfully paginated 10 shops
INFO 2025-08-02 17:38:49,715 views 2836 5868 Successfully paginated 10 products
INFO 2025-08-02 17:38:49,824 basehttp 2836 16024 "GET /api/shops/ HTTP/1.1" 200 1996
INFO 2025-08-02 17:38:50,497 basehttp 2836 5868 "GET /api/products/?page=1&min_price=0&max_price=1000 HTTP/1.1" 200 11330
INFO 2025-08-02 17:38:50,969 basehttp 2836 16548 "GET /media/products/thumbnails/men-fashion.jpeg HTTP/1.1" 200 35532
INFO 2025-08-02 17:38:57,268 basehttp 2836 14428 "OPTIONS /api/products/?page=1&brands=digital-dreams&min_price=0&max_price=1000 HTTP/1.1" 200 0
INFO 2025-08-02 17:38:57,284 views 2836 14428 ProductViewSet.list called with params: <QueryDict: {'page': ['1'], 'brands': ['digital-dreams'], 'min_price': ['0'], 'max_price': ['1000']}>
INFO 2025-08-02 17:38:57,397 views 2836 14428 Successfully paginated 3 products
INFO 2025-08-02 17:38:57,445 basehttp 2836 14428 "GET /api/products/?page=1&brands=digital-dreams&min_price=0&max_price=1000 HTTP/1.1" 200 3173
INFO 2025-08-02 17:38:59,791 basehttp 2836 14428 "OPTIONS /api/products/?page=1&category=home-living&brands=digital-dreams&min_price=0&max_price=1000 HTTP/1.1" 200 0
INFO 2025-08-02 17:38:59,798 views 2836 14428 ProductViewSet.list called with params: <QueryDict: {'page': ['1'], 'category': ['home-living'], 'brands': ['digital-dreams'], 'min_price': ['0'], 'max_price': ['1000']}>
INFO 2025-08-02 17:38:59,819 views 2836 14428 Successfully paginated 0 products
INFO 2025-08-02 17:38:59,822 basehttp 2836 14428 "GET /api/products/?page=1&category=home-living&brands=digital-dreams&min_price=0&max_price=1000 HTTP/1.1" 200 52
INFO 2025-08-02 17:39:02,936 basehttp 2836 9276 "OPTIONS /api/products/?page=1&min_price=0&max_price=1000 HTTP/1.1" 200 0
INFO 2025-08-02 17:39:02,945 views 2836 9276 ProductViewSet.list called with params: <QueryDict: {'page': ['1'], 'min_price': ['0'], 'max_price': ['1000']}>
INFO 2025-08-02 17:39:03,034 views 2836 9276 Successfully paginated 10 products
INFO 2025-08-02 17:39:03,187 basehttp 2836 9276 "GET /api/products/?page=1&min_price=0&max_price=1000 HTTP/1.1" 200 11330
INFO 2025-08-02 20:40:44,717 basehttp 2836 16676 "OPTIONS /api/products/?page=1&min_price=0&max_price=1000 HTTP/1.1" 200 0
INFO 2025-08-02 20:40:44,725 views 2836 16676 ProductViewSet.list called with params: <QueryDict: {'page': ['1'], 'min_price': ['0'], 'max_price': ['1000']}>
INFO 2025-08-02 20:40:44,830 views 2836 16676 Successfully paginated 10 products
INFO 2025-08-02 20:40:45,109 basehttp 2836 16676 "GET /api/products/?page=1&min_price=0&max_price=1000 HTTP/1.1" 200 11330
INFO 2025-08-02 20:40:45,720 basehttp 2836 8184 "GET /media/products/thumbnails/men-fashion.jpeg HTTP/1.1" 200 35532
INFO 2025-08-03 10:20:45,848 autoreload 13436 2504 Watching for file changes with StatReloader
WARNING 2025-08-03 10:21:33,280 log 13436 7324 Unauthorized: /api/
WARNING 2025-08-03 10:21:33,280 basehttp 13436 7324 "GET /api/ HTTP/1.1" 401 5009
INFO 2025-08-03 10:21:33,445 basehttp 13436 7324 "GET /static/rest_framework/css/bootstrap.min.css HTTP/1.1" 304 0
INFO 2025-08-03 10:21:33,446 basehttp 13436 9552 "GET /static/rest_framework/css/bootstrap-tweaks.css HTTP/1.1" 304 0
INFO 2025-08-03 10:21:33,448 basehttp 13436 9552 "GET /static/rest_framework/css/prettify.css HTTP/1.1" 304 0
INFO 2025-08-03 10:21:33,482 basehttp 13436 9552 "GET /static/rest_framework/css/default.css HTTP/1.1" 304 0
INFO 2025-08-03 10:21:33,493 basehttp 13436 9552 "GET /static/rest_framework/js/jquery-3.7.1.min.js HTTP/1.1" 304 0
INFO 2025-08-03 10:21:33,661 basehttp 13436 9552 "GET /static/rest_framework/js/ajax-form.js HTTP/1.1" 304 0
INFO 2025-08-03 10:21:33,661 basehttp 13436 7324 "GET /static/rest_framework/js/csrf.js HTTP/1.1" 304 0
INFO 2025-08-03 10:21:33,661 basehttp 13436 9552 "GET /static/rest_framework/js/bootstrap.min.js HTTP/1.1" 304 0
INFO 2025-08-03 10:21:33,794 basehttp 13436 9552 "GET /static/rest_framework/js/prettify-min.js HTTP/1.1" 304 0
INFO 2025-08-03 10:21:33,794 basehttp 13436 9552 "GET /static/rest_framework/js/default.js HTTP/1.1" 304 0
INFO 2025-08-03 10:21:33,820 basehttp 13436 9552 "GET /static/rest_framework/js/load-ajax-form.js HTTP/1.1" 304 0
INFO 2025-08-03 10:21:33,906 basehttp 13436 9552 "GET /static/rest_framework/img/grid.png HTTP/1.1" 304 0
WARNING 2025-08-03 10:25:23,389 log 13436 14488 Unauthorized: /api/
WARNING 2025-08-03 10:25:23,390 basehttp 13436 14488 "GET /api/ HTTP/1.1" 401 5009
INFO 2025-08-03 10:33:44,080 basehttp 13436 12860 "GET /admin/web/aboutmessage/ HTTP/1.1" 302 0
INFO 2025-08-03 10:33:44,343 basehttp 13436 12860 "GET /admin/login/?next=/admin/web/aboutmessage/ HTTP/1.1" 200 10923
INFO 2025-08-03 10:33:49,525 basehttp 13436 12704 - Broken pipe from ('127.0.0.1', 57525)
INFO 2025-08-03 10:33:58,079 basehttp 13436 12920 "GET /admin/ HTTP/1.1" 302 0
INFO 2025-08-03 10:33:58,103 basehttp 13436 12920 "GET /admin/login/?next=/admin/ HTTP/1.1" 200 10906
INFO 2025-08-03 10:34:12,120 basehttp 13436 12920 "POST /admin/login/?next=/admin/ HTTP/1.1" 302 0
INFO 2025-08-03 10:34:12,293 basehttp 13436 12920 "GET /admin/ HTTP/1.1" 200 56031
INFO 2025-08-03 10:34:20,776 basehttp 13436 16504 "GET /admin/users/ HTTP/1.1" 200 31906
INFO 2025-08-03 10:34:23,312 basehttp 13436 16504 "GET /admin/users/user/ HTTP/1.1" 200 561535
INFO 2025-08-03 10:34:23,397 basehttp 13436 16504 "GET /admin/jsi18n/ HTTP/1.1" 200 3342
INFO 2025-08-03 10:34:42,762 basehttp 13436 2908 "POST /admin/users/user/ HTTP/1.1" 200 77307
INFO 2025-08-03 10:34:42,944 basehttp 13436 2908 "GET /static/admin/js/cancel.js HTTP/1.1" 200 884
INFO 2025-08-03 10:34:47,362 basehttp 13436 14040 "POST /admin/users/user/ HTTP/1.1" 302 0
INFO 2025-08-03 10:34:47,454 basehttp 13436 14040 "GET /admin/users/user/ HTTP/1.1" 200 63648
INFO 2025-08-03 10:34:47,529 basehttp 13436 14040 "GET /admin/jsi18n/ HTTP/1.1" 200 3342
INFO 2025-08-03 10:35:34,925 views 13436 15816 ProductViewSet.list called with params: <QueryDict: {'page_size': ['12']}>
INFO 2025-08-03 10:35:34,962 views 13436 15816 Successfully paginated 0 products
INFO 2025-08-03 10:35:34,971 basehttp 13436 15816 "GET /api/products/?page_size=12 HTTP/1.1" 200 52
INFO 2025-08-03 10:35:35,380 views 13436 13864 CategoryViewSet.list called with params: <QueryDict: {}>
INFO 2025-08-03 10:35:35,409 views 13436 13864 Successfully returned 4 categories
INFO 2025-08-03 10:35:35,409 basehttp 13436 13864 "GET /api/categories/ HTTP/1.1" 200 2176
INFO 2025-08-03 10:37:50,252 views 13436 5380 ProductViewSet.list called with params: <QueryDict: {'page_size': ['12']}>
INFO 2025-08-03 10:37:50,283 views 13436 5380 Successfully paginated 0 products
INFO 2025-08-03 10:37:50,300 basehttp 13436 5380 "GET /api/products/?page_size=12 HTTP/1.1" 200 52
INFO 2025-08-03 10:37:50,325 views 13436 13236 CategoryViewSet.list called with params: <QueryDict: {}>
INFO 2025-08-03 10:37:50,351 views 13436 13236 Successfully returned 4 categories
INFO 2025-08-03 10:37:50,354 basehttp 13436 13236 "GET /api/categories/ HTTP/1.1" 200 2176
INFO 2025-08-03 10:37:58,799 basehttp 13436 3252 "OPTIONS /api/categories/ HTTP/1.1" 200 0
INFO 2025-08-03 10:37:58,815 basehttp 13436 15020 "OPTIONS /api/shops/ HTTP/1.1" 200 0
INFO 2025-08-03 10:37:58,816 basehttp 13436 3252 "OPTIONS /api/colors/ HTTP/1.1" 200 0
INFO 2025-08-03 10:37:58,904 basehttp 13436 15020 "OPTIONS /api/products/?page=1&min_price=0&max_price=1000 HTTP/1.1" 200 0
INFO 2025-08-03 10:37:58,913 basehttp 13436 8844 "OPTIONS /api/colors/ HTTP/1.1" 200 0
INFO 2025-08-03 10:37:58,998 views 13436 3252 CategoryViewSet.list called with params: <QueryDict: {}>
INFO 2025-08-03 10:37:59,015 views 13436 8844 ColorViewSet.list called with params: <QueryDict: {}>
INFO 2025-08-03 10:37:59,028 views 13436 15020 ShopViewSet.list called with params: <QueryDict: {}>
INFO 2025-08-03 10:37:59,076 views 13436 3252 Successfully returned 4 categories
INFO 2025-08-03 10:37:59,094 views 13436 15020 Successfully paginated 0 shops
INFO 2025-08-03 10:37:59,094 views 13436 8844 Successfully returned 4 colors
INFO 2025-08-03 10:37:59,234 basehttp 13436 7316 "OPTIONS /api/products/?page=1&min_price=0&max_price=1000 HTTP/1.1" 200 0
INFO 2025-08-03 10:37:59,374 basehttp 13436 3252 "GET /api/categories/ HTTP/1.1" 200 2176
INFO 2025-08-03 10:37:59,511 basehttp 13436 14420 "OPTIONS /api/categories/ HTTP/1.1" 200 0
INFO 2025-08-03 10:37:59,529 basehttp 13436 15020 "GET /api/shops/ HTTP/1.1" 200 52
INFO 2025-08-03 10:37:59,727 basehttp 13436 8844 "GET /api/colors/ HTTP/1.1" 200 501
INFO 2025-08-03 10:37:59,727 basehttp 13436 12816 "OPTIONS /api/shops/ HTTP/1.1" 200 0
INFO 2025-08-03 10:37:59,789 views 13436 7316 ProductViewSet.list called with params: <QueryDict: {'page': ['1'], 'min_price': ['0'], 'max_price': ['1000']}>
INFO 2025-08-03 10:37:59,958 views 13436 3252 ColorViewSet.list called with params: <QueryDict: {}>
INFO 2025-08-03 10:38:00,153 views 13436 14420 ProductViewSet.list called with params: <QueryDict: {'page': ['1'], 'min_price': ['0'], 'max_price': ['1000']}>
INFO 2025-08-03 10:38:00,310 views 13436 15020 CategoryViewSet.list called with params: <QueryDict: {}>
INFO 2025-08-03 10:38:00,371 views 13436 12816 ShopViewSet.list called with params: <QueryDict: {}>
INFO 2025-08-03 10:38:00,394 views 13436 7316 Successfully paginated 0 products
INFO 2025-08-03 10:38:00,413 views 13436 3252 Successfully returned 4 colors
INFO 2025-08-03 10:38:00,517 views 13436 14420 Successfully paginated 0 products
INFO 2025-08-03 10:38:00,580 views 13436 15020 Successfully returned 4 categories
INFO 2025-08-03 10:38:00,643 views 13436 12816 Successfully paginated 0 shops
INFO 2025-08-03 10:38:00,647 basehttp 13436 7316 "GET /api/products/?page=1&min_price=0&max_price=1000 HTTP/1.1" 200 52
INFO 2025-08-03 10:38:00,692 basehttp 13436 3252 "GET /api/colors/ HTTP/1.1" 200 501
INFO 2025-08-03 10:38:00,726 basehttp 13436 14420 "GET /api/products/?page=1&min_price=0&max_price=1000 HTTP/1.1" 200 52
INFO 2025-08-03 10:38:00,743 basehttp 13436 15020 "GET /api/categories/ HTTP/1.1" 200 2176
INFO 2025-08-03 10:38:00,791 basehttp 13436 12816 "GET /api/shops/ HTTP/1.1" 200 52
INFO 2025-08-03 10:38:39,546 autoreload 13436 2504 C:\Users\taham\OneDrive\Desktop\icommerce\backend\products\models.py changed, reloading.
INFO 2025-08-03 10:38:43,707 autoreload 9284 16932 Watching for file changes with StatReloader
INFO 2025-08-03 10:38:47,429 autoreload 9284 16932 C:\Users\taham\OneDrive\Desktop\icommerce\backend\products\models.py changed, reloading.
INFO 2025-08-03 10:38:49,994 autoreload 7476 16548 Watching for file changes with StatReloader
INFO 2025-08-03 10:38:58,188 autoreload 7476 16548 C:\Users\taham\OneDrive\Desktop\icommerce\backend\products\models.py changed, reloading.
INFO 2025-08-03 10:39:00,416 autoreload 16992 4548 Watching for file changes with StatReloader
INFO 2025-08-03 10:39:07,380 autoreload 16992 4548 C:\Users\taham\OneDrive\Desktop\icommerce\backend\products\models.py changed, reloading.
INFO 2025-08-03 10:39:09,682 autoreload 7628 7884 Watching for file changes with StatReloader
INFO 2025-08-03 10:39:28,160 autoreload 7628 7884 C:\Users\taham\OneDrive\Desktop\icommerce\backend\products\views.py changed, reloading.
INFO 2025-08-03 10:39:30,456 autoreload 14524 8688 Watching for file changes with StatReloader
INFO 2025-08-03 10:39:34,910 autoreload 14524 8688 C:\Users\taham\OneDrive\Desktop\icommerce\backend\products\views.py changed, reloading.
INFO 2025-08-03 10:39:37,050 autoreload 10880 13496 Watching for file changes with StatReloader
INFO 2025-08-03 10:39:42,760 autoreload 10880 13496 C:\Users\taham\OneDrive\Desktop\icommerce\backend\products\views.py changed, reloading.
INFO 2025-08-03 10:39:44,926 autoreload 3916 16104 Watching for file changes with StatReloader
INFO 2025-08-03 10:39:50,563 autoreload 3916 16104 C:\Users\taham\OneDrive\Desktop\icommerce\backend\products\views.py changed, reloading.
INFO 2025-08-03 10:39:52,958 autoreload 12012 14672 Watching for file changes with StatReloader
INFO 2025-08-03 10:39:58,562 autoreload 12012 14672 C:\Users\taham\OneDrive\Desktop\icommerce\backend\products\views.py changed, reloading.
INFO 2025-08-03 10:40:00,778 autoreload 7688 6644 Watching for file changes with StatReloader
INFO 2025-08-03 10:41:12,370 autoreload 7688 6644 C:\Users\taham\OneDrive\Desktop\icommerce\backend\products\models.py changed, reloading.
INFO 2025-08-03 10:41:15,065 autoreload 1332 16208 Watching for file changes with StatReloader
INFO 2025-08-03 10:43:57,190 autoreload 1332 16208 C:\Users\taham\OneDrive\Desktop\icommerce\backend\env\Lib\site-packages\rest_framework_simplejwt\models.py changed, reloading.
INFO 2025-08-03 10:44:01,646 autoreload 4580 3544 Watching for file changes with StatReloader
INFO 2025-08-03 10:48:59,173 views 4580 4492 ProductViewSet.list called with params: <QueryDict: {'page_size': ['12']}>
INFO 2025-08-03 10:48:59,230 views 4580 4492 Successfully paginated 0 products
INFO 2025-08-03 10:48:59,280 basehttp 4580 4492 "GET /api/products/?page_size=12 HTTP/1.1" 200 52
INFO 2025-08-03 10:48:59,348 views 4580 15508 CategoryViewSet.list called with params: <QueryDict: {}>
INFO 2025-08-03 10:48:59,423 views 4580 15508 Successfully returned 4 categories
INFO 2025-08-03 10:48:59,431 basehttp 4580 15508 "GET /api/categories/ HTTP/1.1" 200 2176
INFO 2025-08-03 10:49:05,103 views 4580 12404 ProductViewSet.list called with params: <QueryDict: {'page_size': ['12']}>
INFO 2025-08-03 10:49:05,134 views 4580 12404 Successfully paginated 0 products
INFO 2025-08-03 10:49:05,155 basehttp 4580 12404 "GET /api/products/?page_size=12 HTTP/1.1" 200 52
INFO 2025-08-03 10:49:05,187 views 4580 5348 CategoryViewSet.list called with params: <QueryDict: {}>
INFO 2025-08-03 10:49:05,268 views 4580 5348 Successfully returned 4 categories
INFO 2025-08-03 10:49:05,276 basehttp 4580 5348 "GET /api/categories/ HTTP/1.1" 200 2176
INFO 2025-08-03 10:49:37,947 views 4580 12280 ProductViewSet.list called with params: <QueryDict: {}>
INFO 2025-08-03 10:49:37,978 views 4580 12280 Successfully paginated 0 products
INFO 2025-08-03 10:49:38,310 basehttp 4580 12280 "GET /api/products/ HTTP/1.1" 200 12826
INFO 2025-08-03 10:49:38,736 basehttp 4580 12280 "GET /static/rest_framework/fonts/glyphicons-halflings-regular.woff2 HTTP/1.1" 200 18028
WARNING 2025-08-03 10:49:39,387 log 4580 12280 Not Found: /favicon.ico
WARNING 2025-08-03 10:49:39,387 basehttp 4580 12280 "GET /favicon.ico HTTP/1.1" 404 3588
INFO 2025-08-03 10:51:07,768 views 4580 6304 ProductViewSet.list called with params: <QueryDict: {}>
INFO 2025-08-03 10:51:07,940 views 4580 6304 Successfully paginated 0 products
INFO 2025-08-03 10:51:07,990 basehttp 4580 6304 "GET /api/products/ HTTP/1.1" 200 52
INFO 2025-08-03 10:51:17,993 basehttp 4580 13052 "GET /admin/ HTTP/1.1" 200 55258
INFO 2025-08-03 10:51:22,778 basehttp 4580 13960 "GET /admin/products/product/ HTTP/1.1" 200 51591
INFO 2025-08-03 10:51:22,879 basehttp 4580 13960 "GET /admin/jsi18n/ HTTP/1.1" 200 3342
ERROR 2025-08-03 11:21:49,687 views 13244 16624 Error in CategoryViewSet.list: 'WSGIRequest' object has no attribute 'query_params'
Traceback (most recent call last):
  File "C:\Users\taham\OneDrive\Desktop\icommerce\backend\products\views.py", line 108, in list
    logger.info(f"CategoryViewSet.list called with params: {request.query_params}")
AttributeError: 'WSGIRequest' object has no attribute 'query_params'
INFO 2025-08-03 11:33:16,447 views 16016 16248 CategoryViewSet.list called with params: <QueryDict: {}>
INFO 2025-08-03 11:33:16,546 views 16016 16248 Successfully returned 4 categories
INFO 2025-08-03 11:33:16,562 views 16016 16248 ProductViewSet.list called with params: <QueryDict: {}>
INFO 2025-08-03 11:33:16,692 views 16016 16248 Successfully paginated 10 products
INFO 2025-08-03 11:36:16,749 autoreload 7404 12140 Watching for file changes with StatReloader
INFO 2025-08-03 11:36:28,031 views 7404 3176 ProductViewSet.list called with params: <QueryDict: {'page_size': ['12']}>
INFO 2025-08-03 11:36:28,275 views 7404 3176 Successfully paginated 12 products
INFO 2025-08-03 11:36:28,765 basehttp 7404 3176 "GET /api/products/?page_size=12 HTTP/1.1" 200 14177
INFO 2025-08-03 11:36:28,831 views 7404 14032 CategoryViewSet.list called with params: <QueryDict: {}>
INFO 2025-08-03 11:36:28,980 views 7404 14032 Successfully returned 4 categories
INFO 2025-08-03 11:36:28,988 basehttp 7404 14032 "GET /api/categories/ HTTP/1.1" 200 4454
INFO 2025-08-03 11:36:39,797 basehttp 7404 17164 "OPTIONS /api/products/?page=1&category=beauty HTTP/1.1" 200 0
INFO 2025-08-03 11:36:39,805 views 7404 17164 ProductViewSet.list called with params: <QueryDict: {'page': ['1'], 'category': ['beauty']}>
INFO 2025-08-03 11:36:39,982 views 7404 17164 Successfully paginated 10 products
INFO 2025-08-03 11:36:40,191 basehttp 7404 17164 "GET /api/products/?page=1&category=beauty HTTP/1.1" 200 11296
INFO 2025-08-03 11:36:44,383 views 7404 9620 ProductViewSet.list called with params: <QueryDict: {'page': ['1'], 'category': ['beauty']}>
INFO 2025-08-03 11:36:44,435 views 7404 9620 Successfully paginated 10 products
INFO 2025-08-03 11:36:44,718 basehttp 7404 9620 "GET /api/products/?page=1&category=beauty HTTP/1.1" 200 11296
INFO 2025-08-03 11:36:54,425 views 7404 11188 ProductViewSet.list called with params: <QueryDict: {'page': ['1'], 'category': ['beauty']}>
INFO 2025-08-03 11:36:54,593 views 7404 11188 Successfully paginated 10 products
INFO 2025-08-03 11:36:54,791 basehttp 7404 11188 "GET /api/products/?page=1&category=beauty HTTP/1.1" 200 11296
INFO 2025-08-03 11:37:01,839 basehttp 7404 5380 "OPTIONS /api/categories/ HTTP/1.1" 200 0
INFO 2025-08-03 11:37:01,967 basehttp 7404 5380 "OPTIONS /api/colors/ HTTP/1.1" 200 0
INFO 2025-08-03 11:37:01,967 basehttp 7404 5164 "OPTIONS /api/shops/ HTTP/1.1" 200 0
INFO 2025-08-03 11:37:02,298 views 7404 5380 CategoryViewSet.list called with params: <QueryDict: {}>
INFO 2025-08-03 11:37:02,420 basehttp 7404 8056 "OPTIONS /api/colors/ HTTP/1.1" 200 0
INFO 2025-08-03 11:37:02,487 basehttp 7404 5164 "OPTIONS /api/products/?page=1&min_price=0&max_price=1000 HTTP/1.1" 200 0
INFO 2025-08-03 11:37:02,772 basehttp 7404 8248 "OPTIONS /api/products/?page=1&min_price=0&max_price=1000 HTTP/1.1" 200 0
INFO 2025-08-03 11:37:02,957 views 7404 8056 ShopViewSet.list called with params: <QueryDict: {}>
INFO 2025-08-03 11:37:02,963 basehttp 7404 2028 "OPTIONS /api/categories/ HTTP/1.1" 200 0
INFO 2025-08-03 11:37:03,005 views 7404 5380 Successfully returned 4 categories
INFO 2025-08-03 11:37:03,062 views 7404 5164 ColorViewSet.list called with params: <QueryDict: {}>
INFO 2025-08-03 11:37:03,168 basehttp 7404 8156 "OPTIONS /api/shops/ HTTP/1.1" 200 0
INFO 2025-08-03 11:37:03,250 views 7404 8248 ProductViewSet.list called with params: <QueryDict: {'page': ['1'], 'min_price': ['0'], 'max_price': ['1000']}>
INFO 2025-08-03 11:37:03,380 views 7404 8056 Successfully paginated 10 shops
INFO 2025-08-03 11:37:03,719 basehttp 7404 5380 "GET /api/categories/ HTTP/1.1" 200 4454
INFO 2025-08-03 11:37:04,163 views 7404 5164 Successfully returned 4 colors
INFO 2025-08-03 11:37:04,617 views 7404 8156 CategoryViewSet.list called with params: <QueryDict: {}>
INFO 2025-08-03 11:37:05,491 views 7404 8248 Successfully paginated 10 products
INFO 2025-08-03 11:37:08,028 basehttp 7404 8056 "GET /api/shops/ HTTP/1.1" 200 2085
INFO 2025-08-03 11:37:08,923 views 7404 5380 ShopViewSet.list called with params: <QueryDict: {}>
INFO 2025-08-03 11:37:08,949 basehttp 7404 5164 "GET /api/colors/ HTTP/1.1" 200 730
INFO 2025-08-03 11:37:09,702 views 7404 8156 Successfully returned 4 categories
INFO 2025-08-03 11:37:09,819 views 7404 8056 ColorViewSet.list called with params: <QueryDict: {}>
INFO 2025-08-03 11:37:10,392 basehttp 7404 8248 "GET /api/products/?page=1&min_price=0&max_price=1000 HTTP/1.1" 200 11428
INFO 2025-08-03 11:37:10,544 views 7404 5380 Successfully paginated 10 shops
INFO 2025-08-03 11:37:10,600 views 7404 5164 ProductViewSet.list called with params: <QueryDict: {'page': ['1'], 'min_price': ['0'], 'max_price': ['1000']}>
INFO 2025-08-03 11:37:10,840 basehttp 7404 8156 "GET /api/categories/ HTTP/1.1" 200 4454
INFO 2025-08-03 11:37:11,631 views 7404 8056 Successfully returned 4 colors
INFO 2025-08-03 11:37:12,260 basehttp 7404 5380 "GET /api/shops/ HTTP/1.1" 200 2085
INFO 2025-08-03 11:37:12,468 views 7404 5164 Successfully paginated 10 products
INFO 2025-08-03 11:37:12,820 basehttp 7404 8056 "GET /api/colors/ HTTP/1.1" 200 730
INFO 2025-08-03 11:37:13,938 basehttp 7404 5164 "GET /api/products/?page=1&min_price=0&max_price=1000 HTTP/1.1" 200 11428
INFO 2025-08-03 11:56:29,538 basehttp 7404 17204 "GET /admin/products/product/ HTTP/1.1" 200 490674
INFO 2025-08-03 11:57:27,511 basehttp 7404 12440 "GET /api/shipping-methods/ HTTP/1.1" 200 497
INFO 2025-08-03 11:57:27,728 basehttp 7404 13364 "GET /api/shipping-methods/ HTTP/1.1" 200 497
INFO 2025-08-03 11:57:40,852 basehttp 7404 14376 "GET /admin/users/user/ HTTP/1.1" 200 124986
INFO 2025-08-03 11:57:51,088 basehttp 7404 8140 "GET /admin/jsi18n/ HTTP/1.1" 200 3342
INFO 2025-08-03 11:57:51,352 basehttp 7404 12464 "GET /static/unfold/js/htmx/htmx.js HTTP/1.1" 200 50918
INFO 2025-08-03 11:57:51,352 basehttp 7404 4760 "GET /static/admin/js/actions.js HTTP/1.1" 200 8076
INFO 2025-08-03 11:57:51,402 basehttp 7404 12232 "GET /static/admin/js/admin/RelatedObjectLookups.js HTTP/1.1" 200 9222
INFO 2025-08-03 11:57:51,415 basehttp 7404 15688 "GET /static/admin/js/core.js HTTP/1.1" 200 6208
INFO 2025-08-03 11:57:51,418 basehttp 7404 4280 "GET /static/admin/js/jquery.init.js HTTP/1.1" 200 347
INFO 2025-08-03 11:57:51,421 basehttp 7404 8140 "GET /static/admin/js/urlify.js HTTP/1.1" 200 7887
INFO 2025-08-03 11:57:51,476 basehttp 7404 8140 "GET /static/admin/js/prepopulate.js HTTP/1.1" 200 1531
INFO 2025-08-03 11:57:53,522 basehttp 7404 10504 "GET /static/unfold/js/simplebar/simplebar.js HTTP/1.1" 200 27176
INFO 2025-08-03 11:57:53,525 basehttp 7404 3568 "GET /static/unfold/js/chart/chart.js HTTP/1.1" 200 200633
INFO 2025-08-03 11:57:53,532 basehttp 7404 1564 "GET /static/admin/js/vendor/xregexp/xregexp.js HTTP/1.1" 200 325171
INFO 2025-08-03 11:57:53,533 basehttp 7404 2572 "GET /static/unfold/js/app.js HTTP/1.1" 200 9414
INFO 2025-08-03 11:57:53,536 basehttp 7404 1756 "GET /static/unfold/js/alpine/alpine.anchor.js HTTP/1.1" 200 15524
INFO 2025-08-03 11:57:53,536 basehttp 7404 3508 "GET /static/admin/js/vendor/jquery/jquery.js HTTP/1.1" 200 285314
INFO 2025-08-03 11:57:53,557 basehttp 7404 1756 "GET /static/unfold/js/alpine/alpine.resize.js HTTP/1.1" 200 703
INFO 2025-08-03 11:57:53,558 basehttp 7404 10504 "GET /static/unfold/js/alpine/alpine.persist.js HTTP/1.1" 200 837
INFO 2025-08-03 11:57:53,559 basehttp 7404 2572 "GET /static/unfold/js/alpine/alpine.sort.js HTTP/1.1" 200 37891
INFO 2025-08-03 11:59:08,144 basehttp 7404 9416 "GET /admin/users/user/ HTTP/1.1" 200 124986
INFO 2025-08-03 11:59:08,231 basehttp 7404 9416 "GET /admin/jsi18n/ HTTP/1.1" 200 3342
INFO 2025-08-03 11:59:22,289 basehttp 7404 16024 "POST /admin/users/user/ HTTP/1.1" 200 93100
INFO 2025-08-03 11:59:29,022 basehttp 7404 13580 "POST /admin/users/user/ HTTP/1.1" 302 0
INFO 2025-08-03 11:59:29,161 basehttp 7404 13580 "GET /admin/users/user/ HTTP/1.1" 200 63648
INFO 2025-08-03 11:59:29,308 basehttp 7404 13580 "GET /admin/jsi18n/ HTTP/1.1" 200 3342
INFO 2025-08-03 11:59:41,795 views 7404 3456 ProductViewSet.list called with params: <QueryDict: {}>
INFO 2025-08-03 11:59:41,812 views 7404 3456 Successfully paginated 0 products
INFO 2025-08-03 11:59:41,815 basehttp 7404 3456 "GET /api/products/ HTTP/1.1" 200 52
INFO 2025-08-03 11:59:47,144 views 7404 3456 ProductViewSet.list called with params: <QueryDict: {}>
INFO 2025-08-03 11:59:47,188 views 7404 3456 Successfully paginated 0 products
INFO 2025-08-03 11:59:47,196 basehttp 7404 3456 "GET /api/products/ HTTP/1.1" 200 52
INFO 2025-08-03 12:00:03,194 views 7404 3456 ProductViewSet.list called with params: <QueryDict: {}>
INFO 2025-08-03 12:00:03,210 views 7404 3456 Successfully paginated 0 products
INFO 2025-08-03 12:00:03,213 basehttp 7404 3456 "GET /api/products/ HTTP/1.1" 200 52
INFO 2025-08-03 12:00:15,445 basehttp 7404 3456 "GET /api/categories HTTP/1.1" 301 0
INFO 2025-08-03 12:00:15,463 views 7404 16212 CategoryViewSet.list called with params: <QueryDict: {}>
INFO 2025-08-03 12:00:15,521 views 7404 16212 Successfully returned 4 categories
INFO 2025-08-03 12:00:15,526 basehttp 7404 16212 "GET /api/categories/ HTTP/1.1" 200 4454
INFO 2025-08-03 12:00:23,697 basehttp 7404 16212 "GET /api/products HTTP/1.1" 301 0
INFO 2025-08-03 12:00:23,707 views 7404 16604 ProductViewSet.list called with params: <QueryDict: {}>
INFO 2025-08-03 12:00:23,734 views 7404 16604 Successfully paginated 0 products
INFO 2025-08-03 12:00:23,738 basehttp 7404 16604 "GET /api/products/ HTTP/1.1" 200 52
INFO 2025-08-03 12:00:31,961 basehttp 7404 8884 "GET /admin/ HTTP/1.1" 200 55271
INFO 2025-08-03 12:00:33,354 views 7404 11136 ProductViewSet.list called with params: <QueryDict: {}>
INFO 2025-08-03 12:00:33,378 views 7404 11136 Successfully paginated 0 products
INFO 2025-08-03 12:00:33,576 basehttp 7404 11136 "GET /api/products/ HTTP/1.1" 200 12826
INFO 2025-08-03 12:00:39,089 basehttp 7404 11136 "GET /admin/products/product/ HTTP/1.1" 200 54999
INFO 2025-08-03 12:00:39,188 basehttp 7404 11136 "GET /admin/jsi18n/ HTTP/1.1" 200 3342
INFO 2025-08-03 12:00:42,502 basehttp 7404 11136 "GET /admin/products/product/ HTTP/1.1" 200 54999
INFO 2025-08-03 12:00:42,564 basehttp 7404 11136 "GET /static/unfold/fonts/inter/styles.css HTTP/1.1" 200 608
INFO 2025-08-03 12:00:42,573 basehttp 7404 15236 "GET /static/unfold/fonts/material-symbols/styles.css HTTP/1.1" 200 164
INFO 2025-08-03 12:00:42,592 basehttp 7404 11136 "GET /admin/jsi18n/ HTTP/1.1" 200 3342
INFO 2025-08-03 12:00:42,595 basehttp 7404 15236 "GET /static/admin/js/vendor/jquery/jquery.js HTTP/1.1" 200 285314
INFO 2025-08-03 12:00:42,621 basehttp 7404 15236 "GET /static/admin/js/core.js HTTP/1.1" 200 6208
INFO 2025-08-03 12:00:42,623 basehttp 7404 11136 "GET /static/admin/js/jquery.init.js HTTP/1.1" 200 347
INFO 2025-08-03 12:00:42,628 basehttp 7404 16320 "GET /static/unfold/css/simplebar/simplebar.css HTTP/1.1" 200 4647
INFO 2025-08-03 12:00:42,632 basehttp 7404 9440 "GET /static/unfold/js/htmx/htmx.js HTTP/1.1" 200 50918
INFO 2025-08-03 12:00:42,637 basehttp 7404 6184 "GET /static/unfold/css/styles.css HTTP/1.1" 200 158448
INFO 2025-08-03 12:00:42,662 basehttp 7404 15236 "GET /static/admin/js/actions.js HTTP/1.1" 200 8076
INFO 2025-08-03 12:00:42,664 basehttp 7404 11136 "GET /static/admin/js/admin/RelatedObjectLookups.js HTTP/1.1" 200 9222
INFO 2025-08-03 12:00:42,667 basehttp 7404 16320 "GET /static/admin/js/urlify.js HTTP/1.1" 200 7887
INFO 2025-08-03 12:00:42,669 basehttp 7404 12152 "GET /static/unfold/js/chart/chart.js HTTP/1.1" 200 200633
INFO 2025-08-03 12:00:42,681 basehttp 7404 9440 "GET /static/admin/js/prepopulate.js HTTP/1.1" 200 1531
INFO 2025-08-03 12:00:42,692 basehttp 7404 15236 "GET /static/unfold/js/app.js HTTP/1.1" 200 9414
INFO 2025-08-03 12:00:42,698 basehttp 7404 11136 "GET /static/unfold/js/simplebar/simplebar.js HTTP/1.1" 200 27176
INFO 2025-08-03 12:00:42,702 basehttp 7404 6184 "GET /static/admin/js/vendor/xregexp/xregexp.js HTTP/1.1" 200 325171
INFO 2025-08-03 12:00:42,739 basehttp 7404 11136 "GET /static/unfold/js/alpine/alpine.persist.js HTTP/1.1" 200 837
INFO 2025-08-03 12:00:42,752 basehttp 7404 6184 "GET /static/unfold/js/alpine/alpine.anchor.js HTTP/1.1" 200 15524
INFO 2025-08-03 12:00:42,760 basehttp 7404 15236 "GET /static/unfold/js/alpine/alpine.resize.js HTTP/1.1" 200 703
INFO 2025-08-03 12:00:42,761 basehttp 7404 9440 "GET /static/unfold/js/alpine/alpine.js HTTP/1.1" 200 44758
INFO 2025-08-03 12:00:42,778 basehttp 7404 11136 "GET /static/unfold/js/alpine/alpine.sort.js HTTP/1.1" 200 37891
INFO 2025-08-03 12:00:42,839 basehttp 7404 6184 "GET /static/unfold/fonts/inter/Inter-Regular.woff2 HTTP/1.1" 200 111268
INFO 2025-08-03 12:00:42,844 basehttp 7404 9440 "GET /static/unfold/fonts/inter/Inter-SemiBold.woff2 HTTP/1.1" 200 114812
INFO 2025-08-03 12:00:42,844 basehttp 7404 15236 "GET /static/unfold/fonts/inter/Inter-Medium.woff2 HTTP/1.1" 200 114348
INFO 2025-08-03 12:00:42,846 basehttp 7404 11136 "GET /static/unfold/fonts/material-symbols/Material-Symbols-Outlined.woff2 HTTP/1.1" 200 274228
WARNING 2025-08-03 12:00:43,465 log 7404 4664 Not Found: /favicon.ico
WARNING 2025-08-03 12:00:43,468 basehttp 7404 4664 "GET /favicon.ico HTTP/1.1" 404 3588
WARNING 2025-08-03 13:04:26,370 log 7520 7668 Bad Request: /api/register/
WARNING 2025-08-03 13:04:26,480 log 7520 7668 Bad Request: /api/register/
WARNING 2025-08-03 13:04:48,779 log 11564 4416 Bad Request: /api/register/
WARNING 2025-08-03 13:04:48,864 log 11564 4416 Bad Request: /api/register/
WARNING 2025-08-03 13:04:48,904 log 11564 4416 Bad Request: /api/register/
WARNING 2025-08-03 13:12:19,184 log 15188 17104 Bad Request: /api/token/
WARNING 2025-08-03 13:12:19,200 log 15188 17104 Bad Request: /api/token/
WARNING 2025-08-03 13:12:19,368 log 15188 17104 Bad Request: /api/token/
WARNING 2025-08-03 13:12:43,933 log 16784 9556 Bad Request: /api/token/
WARNING 2025-08-03 13:12:43,948 log 16784 9556 Bad Request: /api/token/
WARNING 2025-08-03 13:12:43,976 log 16784 9556 Bad Request: /api/token/
WARNING 2025-08-03 13:36:18,389 log 13488 3200 Unauthorized: /api/orders/
WARNING 2025-08-03 13:36:18,394 log 13488 3200 Unauthorized: /api/orders/
WARNING 2025-08-03 13:36:18,404 log 13488 3200 Unauthorized: /api/auth/profile/
WARNING 2025-08-03 13:36:18,409 log 13488 3200 Unauthorized: /api/shops/
WARNING 2025-08-03 13:36:18,511 log 13488 3200 Bad Request: /api/orders/
WARNING 2025-08-03 13:36:18,625 log 13488 3200 Forbidden: /api/auth/admin/users/
WARNING 2025-08-03 13:36:18,686 log 13488 3200 Forbidden: /api/auth/dashboard/admin/
WARNING 2025-08-03 13:36:44,675 log 9008 13984 Unauthorized: /api/orders/
WARNING 2025-08-03 13:36:44,679 log 9008 13984 Unauthorized: /api/orders/
WARNING 2025-08-03 13:36:44,685 log 9008 13984 Unauthorized: /api/auth/profile/
WARNING 2025-08-03 13:36:44,694 log 9008 13984 Unauthorized: /api/shops/
WARNING 2025-08-03 13:36:44,817 log 9008 13984 Bad Request: /api/orders/
WARNING 2025-08-03 13:36:44,980 log 9008 13984 Forbidden: /api/auth/admin/users/
WARNING 2025-08-03 13:36:45,034 log 9008 13984 Forbidden: /api/auth/dashboard/admin/
INFO 2025-08-03 13:43:21,558 autoreload 16984 13636 Watching for file changes with StatReloader
INFO 2025-08-03 13:43:41,022 basehttp 16984 12176 "GET /api/shipping-methods/ HTTP/1.1" 200 497
INFO 2025-08-03 13:43:41,046 basehttp 16984 8168 "GET /api/shipping-methods/ HTTP/1.1" 200 497
INFO 2025-08-03 13:43:58,203 basehttp 16984 8276 "OPTIONS /api/register/ HTTP/1.1" 200 0
WARNING 2025-08-03 13:43:58,421 log 16984 8276 Bad Request: /api/register/
WARNING 2025-08-03 13:43:58,425 basehttp 16984 8276 "POST /api/register/ HTTP/1.1" 400 118
INFO 2025-08-03 13:44:08,835 basehttp 16984 15640 "OPTIONS /api/register/ HTTP/1.1" 200 0
INFO 2025-08-03 13:44:10,794 basehttp 16984 15640 "POST /api/register/ HTTP/1.1" 201 134
INFO 2025-08-03 13:44:12,382 basehttp 16984 16088 "OPTIONS /api/token/ HTTP/1.1" 200 0
INFO 2025-08-03 13:44:14,707 basehttp 16984 16088 "POST /api/token/ HTTP/1.1" 200 908
INFO 2025-08-03 13:44:19,336 views 16984 16052 ProductViewSet.list called with params: <QueryDict: {'page_size': ['12']}>
INFO 2025-08-03 13:44:19,493 views 16984 16052 Successfully paginated 0 products
INFO 2025-08-03 13:44:19,693 basehttp 16984 16052 "GET /api/products/?page_size=12 HTTP/1.1" 200 52
INFO 2025-08-03 13:44:20,175 views 16984 13416 CategoryViewSet.list called with params: <QueryDict: {}>
INFO 2025-08-03 13:44:20,649 views 16984 13416 Successfully returned 4 categories
INFO 2025-08-03 13:44:20,791 basehttp 16984 13416 "GET /api/categories/ HTTP/1.1" 200 4454
INFO 2025-08-03 13:44:22,571 basehttp 16984 3256 "OPTIONS /api/token/ HTTP/1.1" 200 0
INFO 2025-08-03 13:44:27,827 basehttp 16984 3256 "POST /api/token/ HTTP/1.1" 200 908
INFO 2025-08-03 13:44:29,036 views 16984 5868 ProductViewSet.list called with params: <QueryDict: {'page_size': ['12']}>
INFO 2025-08-03 13:44:29,080 views 16984 5868 Successfully paginated 0 products
INFO 2025-08-03 13:44:29,087 basehttp 16984 5868 "GET /api/products/?page_size=12 HTTP/1.1" 200 52
INFO 2025-08-03 13:44:29,170 views 16984 4704 CategoryViewSet.list called with params: <QueryDict: {}>
INFO 2025-08-03 13:44:29,259 views 16984 4704 Successfully returned 4 categories
INFO 2025-08-03 13:44:29,264 basehttp 16984 4704 "GET /api/categories/ HTTP/1.1" 200 4454
INFO 2025-08-03 13:44:34,555 views 16984 3164 ProductViewSet.list called with params: <QueryDict: {'page_size': ['12']}>
INFO 2025-08-03 13:44:34,579 views 16984 3164 Successfully paginated 0 products
INFO 2025-08-03 13:44:34,622 basehttp 16984 3164 "GET /api/products/?page_size=12 HTTP/1.1" 200 52
INFO 2025-08-03 13:44:35,355 views 16984 1568 CategoryViewSet.list called with params: <QueryDict: {}>
INFO 2025-08-03 13:44:35,480 views 16984 1568 Successfully returned 4 categories
INFO 2025-08-03 13:44:35,640 basehttp 16984 1568 "GET /api/categories/ HTTP/1.1" 200 4454
INFO 2025-08-03 13:44:47,348 basehttp 16984 9588 "OPTIONS /api/token/ HTTP/1.1" 200 0
INFO 2025-08-03 13:44:50,629 basehttp 16984 9588 "POST /api/token/ HTTP/1.1" 200 908
INFO 2025-08-03 13:44:55,670 basehttp 16984 14068 "OPTIONS /api/token/ HTTP/1.1" 200 0
WARNING 2025-08-03 13:45:00,439 log 16984 14068 Bad Request: /api/token/
WARNING 2025-08-03 13:45:00,444 basehttp 16984 14068 "POST /api/token/ HTTP/1.1" 400 75
INFO 2025-08-03 13:48:20,051 views 16984 15620 ProductViewSet.list called with params: <QueryDict: {'page_size': ['12']}>
INFO 2025-08-03 13:48:20,145 views 16984 15620 Successfully paginated 0 products
INFO 2025-08-03 13:48:20,151 basehttp 16984 15620 "GET /api/products/?page_size=12 HTTP/1.1" 200 52
INFO 2025-08-03 13:48:21,315 views 16984 15140 CategoryViewSet.list called with params: <QueryDict: {}>
INFO 2025-08-03 13:48:21,364 views 16984 15140 Successfully returned 4 categories
INFO 2025-08-03 13:48:21,464 basehttp 16984 15140 "GET /api/categories/ HTTP/1.1" 200 4454
INFO 2025-08-03 13:50:05,769 views 16984 13924 ProductViewSet.list called with params: <QueryDict: {'page_size': ['12']}>
INFO 2025-08-03 13:50:05,791 views 16984 13924 Successfully paginated 0 products
INFO 2025-08-03 13:50:05,827 basehttp 16984 13924 "GET /api/products/?page_size=12 HTTP/1.1" 200 52
INFO 2025-08-03 13:50:05,942 views 16984 2212 CategoryViewSet.list called with params: <QueryDict: {}>
INFO 2025-08-03 13:50:05,984 views 16984 2212 Successfully returned 4 categories
INFO 2025-08-03 13:50:05,999 basehttp 16984 2212 "GET /api/categories/ HTTP/1.1" 200 4454
INFO 2025-08-03 13:53:23,915 basehttp 16984 13800 "GET /admin/products/product/ HTTP/1.1" 200 57440
INFO 2025-08-03 13:53:24,633 basehttp 16984 13800 "GET /static/unfold/fonts/inter/styles.css HTTP/1.1" 200 608
INFO 2025-08-03 13:53:24,644 basehttp 16984 12360 "GET /static/unfold/fonts/material-symbols/styles.css HTTP/1.1" 200 164
INFO 2025-08-03 13:53:24,791 basehttp 16984 13488 "GET /static/unfold/js/htmx/htmx.js HTTP/1.1" 200 50918
INFO 2025-08-03 13:53:24,800 basehttp 16984 1216 "GET /static/unfold/css/styles.css HTTP/1.1" 200 158448
INFO 2025-08-03 13:53:25,125 basehttp 16984 13488 "GET /static/admin/js/jquery.init.js HTTP/1.1" 200 347
INFO 2025-08-03 13:53:25,134 basehttp 16984 12360 "GET /static/admin/js/vendor/jquery/jquery.js HTTP/1.1" 200 285314
INFO 2025-08-03 13:53:25,136 basehttp 16984 1216 "GET /static/admin/js/core.js HTTP/1.1" 200 6208
INFO 2025-08-03 13:53:25,143 basehttp 16984 11212 "GET /static/unfold/css/simplebar/simplebar.css HTTP/1.1" 200 4647
INFO 2025-08-03 13:53:25,145 basehttp 16984 13800 "GET /admin/jsi18n/ HTTP/1.1" 200 3342
INFO 2025-08-03 13:53:25,148 basehttp 16984 8076 "GET /static/unfold/js/chart/chart.js HTTP/1.1" 200 200633
INFO 2025-08-03 13:53:25,217 basehttp 16984 13488 "GET /static/admin/js/actions.js HTTP/1.1" 200 8076
INFO 2025-08-03 13:53:25,225 basehttp 16984 12360 "GET /static/admin/js/admin/RelatedObjectLookups.js HTTP/1.1" 200 9222
INFO 2025-08-03 13:53:25,235 basehttp 16984 1216 "GET /static/admin/js/prepopulate.js HTTP/1.1" 200 1531
INFO 2025-08-03 13:53:25,516 basehttp 16984 11212 "GET /static/admin/js/vendor/xregexp/xregexp.js HTTP/1.1" 200 325171
INFO 2025-08-03 13:53:25,650 basehttp 16984 13800 "GET /static/admin/js/urlify.js HTTP/1.1" 200 7887
INFO 2025-08-03 13:53:25,865 basehttp 16984 8076 "GET /static/unfold/js/app.js HTTP/1.1" 200 9414
INFO 2025-08-03 13:53:25,955 basehttp 16984 13488 "GET /static/unfold/js/simplebar/simplebar.js HTTP/1.1" 200 27176
INFO 2025-08-03 13:53:26,196 basehttp 16984 1216 "GET /static/unfold/js/alpine/alpine.js HTTP/1.1" 200 44758
INFO 2025-08-03 13:53:26,198 basehttp 16984 11212 "GET /static/unfold/js/alpine/alpine.persist.js HTTP/1.1" 200 837
INFO 2025-08-03 13:53:26,231 basehttp 16984 13800 "GET /static/unfold/js/alpine/alpine.resize.js HTTP/1.1" 200 703
INFO 2025-08-03 13:53:26,249 basehttp 16984 8076 "GET /static/unfold/js/alpine/alpine.sort.js HTTP/1.1" 200 37891
INFO 2025-08-03 13:53:26,294 basehttp 16984 13488 "GET /static/unfold/js/alpine/alpine.anchor.js HTTP/1.1" 200 15524
INFO 2025-08-03 13:53:26,492 basehttp 16984 13800 "GET /static/unfold/fonts/inter/Inter-Medium.woff2 HTTP/1.1" 200 114348
INFO 2025-08-03 13:53:26,493 basehttp 16984 11212 "GET /static/unfold/fonts/inter/Inter-Regular.woff2 HTTP/1.1" 200 111268
INFO 2025-08-03 13:53:26,497 basehttp 16984 8076 "GET /static/unfold/fonts/inter/Inter-SemiBold.woff2 HTTP/1.1" 200 114812
INFO 2025-08-03 13:53:26,597 basehttp 16984 13488 "GET /static/unfold/fonts/material-symbols/Material-Symbols-Outlined.woff2 HTTP/1.1" 200 274228
WARNING 2025-08-03 13:53:27,665 log 16984 13488 Not Found: /favicon.ico
WARNING 2025-08-03 13:53:27,670 basehttp 16984 13488 "GET /favicon.ico HTTP/1.1" 404 3588
INFO 2025-08-03 13:53:42,728 basehttp 16984 4736 "GET /admin/users/ HTTP/1.1" 200 34347
INFO 2025-08-03 13:53:46,046 basehttp 16984 4736 "GET /admin/users/user/ HTTP/1.1" 200 108834
INFO 2025-08-03 13:53:46,145 basehttp 16984 4736 "GET /admin/jsi18n/ HTTP/1.1" 200 3342
INFO 2025-08-03 13:54:48,418 basehttp 16984 12280 "POST /admin/users/user/ HTTP/1.1" 200 34745
INFO 2025-08-03 13:54:48,507 basehttp 16984 12280 "GET /static/admin/js/cancel.js HTTP/1.1" 200 884
INFO 2025-08-03 13:54:50,070 basehttp 16984 12280 "POST /admin/users/user/ HTTP/1.1" 302 0
INFO 2025-08-03 13:54:50,259 basehttp 16984 12280 "GET /admin/users/user/ HTTP/1.1" 200 103005
INFO 2025-08-03 13:54:50,348 basehttp 16984 12280 "GET /admin/jsi18n/ HTTP/1.1" 200 3342
INFO 2025-08-03 13:55:15,081 basehttp 16984 14420 "OPTIONS /api/token/ HTTP/1.1" 200 0
WARNING 2025-08-03 13:55:20,159 log 16984 14420 Bad Request: /api/token/
WARNING 2025-08-03 13:55:20,165 basehttp 16984 14420 "POST /api/token/ HTTP/1.1" 400 75
INFO 2025-08-03 13:55:33,705 basehttp 16984 9112 "OPTIONS /api/register/ HTTP/1.1" 200 0
INFO 2025-08-03 13:55:35,719 basehttp 16984 9112 "POST /api/register/ HTTP/1.1" 201 134
INFO 2025-08-03 13:55:38,073 basehttp 16984 11220 "OPTIONS /api/token/ HTTP/1.1" 200 0
INFO 2025-08-03 13:55:39,809 basehttp 16984 17404 "OPTIONS /api/token/ HTTP/1.1" 200 0
INFO 2025-08-03 13:55:40,519 basehttp 16984 11220 "POST /api/token/ HTTP/1.1" 200 908
INFO 2025-08-03 13:55:46,035 basehttp 16984 17404 "POST /api/token/ HTTP/1.1" 200 908
INFO 2025-08-03 13:55:46,384 views 16984 3200 ProductViewSet.list called with params: <QueryDict: {'page_size': ['12']}>
INFO 2025-08-03 13:55:46,512 views 16984 3200 Successfully paginated 0 products
INFO 2025-08-03 13:55:46,582 basehttp 16984 3200 "GET /api/products/?page_size=12 HTTP/1.1" 200 52
INFO 2025-08-03 13:55:46,769 views 16984 16024 CategoryViewSet.list called with params: <QueryDict: {}>
INFO 2025-08-03 13:55:47,267 views 16984 16024 Successfully returned 4 categories
INFO 2025-08-03 13:55:47,402 basehttp 16984 16024 "GET /api/categories/ HTTP/1.1" 200 4454
INFO 2025-08-03 13:55:48,579 views 16984 3200 ProductViewSet.list called with params: <QueryDict: {'page_size': ['12']}>
INFO 2025-08-03 13:55:48,612 views 16984 3200 Successfully paginated 0 products
INFO 2025-08-03 13:55:48,635 basehttp 16984 3200 "GET /api/products/?page_size=12 HTTP/1.1" 200 52
INFO 2025-08-03 13:55:48,645 views 16984 16024 CategoryViewSet.list called with params: <QueryDict: {}>
INFO 2025-08-03 13:55:48,951 views 16984 16024 Successfully returned 4 categories
INFO 2025-08-03 13:55:48,994 basehttp 16984 16024 "GET /api/categories/ HTTP/1.1" 200 4454
INFO 2025-08-03 13:56:12,311 views 16984 3636 ProductViewSet.list called with params: <QueryDict: {'page_size': ['12']}>
INFO 2025-08-03 13:56:12,342 views 16984 3636 Successfully paginated 0 products
INFO 2025-08-03 13:56:12,511 basehttp 16984 3636 "GET /api/products/?page_size=12 HTTP/1.1" 200 52
INFO 2025-08-03 13:56:12,779 views 16984 11888 CategoryViewSet.list called with params: <QueryDict: {}>
INFO 2025-08-03 13:56:13,385 views 16984 11888 Successfully returned 4 categories
INFO 2025-08-03 13:56:13,472 basehttp 16984 11888 "GET /api/categories/ HTTP/1.1" 200 4454
INFO 2025-08-03 14:06:29,727 views 16984 6552 ProductViewSet.list called with params: <QueryDict: {'page_size': ['12']}>
INFO 2025-08-03 14:06:29,922 views 16984 6552 Successfully paginated 0 products
INFO 2025-08-03 14:06:29,997 basehttp 16984 6552 "GET /api/products/?page_size=12 HTTP/1.1" 200 52
INFO 2025-08-03 14:06:30,601 views 16984 2724 CategoryViewSet.list called with params: <QueryDict: {}>
INFO 2025-08-03 14:06:30,708 views 16984 2724 Successfully returned 4 categories
INFO 2025-08-03 14:06:30,835 basehttp 16984 2724 "GET /api/categories/ HTTP/1.1" 200 4454
INFO 2025-08-03 14:06:45,118 views 16984 11208 ProductViewSet.list called with params: <QueryDict: {'page_size': ['12']}>
INFO 2025-08-03 14:06:45,168 views 16984 11208 Successfully paginated 0 products
INFO 2025-08-03 14:06:45,267 basehttp 16984 11208 "GET /api/products/?page_size=12 HTTP/1.1" 200 52
INFO 2025-08-03 14:06:45,443 views 16984 8156 CategoryViewSet.list called with params: <QueryDict: {}>
INFO 2025-08-03 14:06:45,666 views 16984 8156 Successfully returned 4 categories
INFO 2025-08-03 14:06:45,863 basehttp 16984 8156 "GET /api/categories/ HTTP/1.1" 200 4454
